2025-08-07 15:07:21 [error]: uncaughtException: write EPIPE
Error: write EPIPE
    at afterWriteDispatched (node:internal/stream_base_commons:159:15)
    at writeGeneric (node:internal/stream_base_commons:150:3)
    at Socket._writeGeneric (node:net:971:11)
    at Socket._write (node:net:983:8)
    at writeOrBuffer (node:internal/streams/writable:572:12)
    at _write (node:internal/streams/writable:501:10)
    at Writable.write (node:internal/streams/writable:510:10)
    at Console.log (C:\Users\GS Computer\Downloads\bot\node_modules\winston\lib\winston\transports\console.js:87:23)
    at Console._write (C:\Users\GS Computer\Downloads\bot\node_modules\winston-transport\modern.js:103:17)
    at doWrite (C:\Users\GS Computer\Downloads\bot\node_modules\winston-transport\node_modules\readable-stream\lib\_stream_writable.js:390:139)
    at writeOrBuffer (C:\Users\GS Computer\Downloads\bot\node_modules\winston-transport\node_modules\readable-stream\lib\_stream_writable.js:381:5)
    at Writable.write (C:\Users\GS Computer\Downloads\bot\node_modules\winston-transport\node_modules\readable-stream\lib\_stream_writable.js:302:11)
    at DerivedLogger.ondata (C:\Users\GS Computer\Downloads\bot\node_modules\winston\node_modules\readable-stream\lib\_stream_readable.js:629:20)
    at DerivedLogger.emit (node:events:530:35)
    at addChunk (C:\Users\GS Computer\Downloads\bot\node_modules\winston\node_modules\readable-stream\lib\_stream_readable.js:279:12)
    at readableAddChunk (C:\Users\GS Computer\Downloads\bot\node_modules\winston\node_modules\readable-stream\lib\_stream_readable.js:262:11)
    at Readable.push (C:\Users\GS Computer\Downloads\bot\node_modules\winston\node_modules\readable-stream\lib\_stream_readable.js:228:10)
    at Transform.push (C:\Users\GS Computer\Downloads\bot\node_modules\winston\node_modules\readable-stream\lib\_stream_transform.js:132:32)
    at DerivedLogger._transform (C:\Users\GS Computer\Downloads\bot\node_modules\winston\lib\winston\logger.js:314:12)
    at Transform._read (C:\Users\GS Computer\Downloads\bot\node_modules\winston\node_modules\readable-stream\lib\_stream_transform.js:166:10)
    at Transform._write (C:\Users\GS Computer\Downloads\bot\node_modules\winston\node_modules\readable-stream\lib\_stream_transform.js:155:83)
    at doWrite (C:\Users\GS Computer\Downloads\bot\node_modules\winston\node_modules\readable-stream\lib\_stream_writable.js:390:139)
    at Error: write EPIPE
    at afterWriteDispatched (node:internal/stream_base_commons:159:15)
    at writeGeneric (node:internal/stream_base_commons:150:3)
    at Socket._writeGeneric (node:net:971:11)
    at Socket._write (node:net:983:8)
    at writeOrBuffer (node:internal/streams/writable:572:12)
    at _write (node:internal/streams/writable:501:10)
    at Writable.write (node:internal/streams/writable:510:10)
    at Console.log (C:\Users\GS Computer\Downloads\bot\node_modules\winston\lib\winston\transports\console.js:87:23)
    at Console._write (C:\Users\GS Computer\Downloads\bot\node_modules\winston-transport\modern.js:103:17)
    at doWrite (C:\Users\GS Computer\Downloads\bot\node_modules\winston-transport\node_modules\readable-stream\lib\_stream_writable.js:390:139)
    at writeOrBuffer (C:\Users\GS Computer\Downloads\bot\node_modules\winston-transport\node_modules\readable-stream\lib\_stream_writable.js:381:5)
    at Writable.write (C:\Users\GS Computer\Downloads\bot\node_modules\winston-transport\node_modules\readable-stream\lib\_stream_writable.js:302:11)
    at DerivedLogger.ondata (C:\Users\GS Computer\Downloads\bot\node_modules\winston\node_modules\readable-stream\lib\_stream_readable.js:629:20)
    at DerivedLogger.emit (node:events:530:35)
    at addChunk (C:\Users\GS Computer\Downloads\bot\node_modules\winston\node_modules\readable-stream\lib\_stream_readable.js:279:12)
    at readableAddChunk (C:\Users\GS Computer\Downloads\bot\node_modules\winston\node_modules\readable-stream\lib\_stream_readable.js:262:11)
    at Readable.push (C:\Users\GS Computer\Downloads\bot\node_modules\winston\node_modules\readable-stream\lib\_stream_readable.js:228:10)
    at Transform.push (C:\Users\GS Computer\Downloads\bot\node_modules\winston\node_modules\readable-stream\lib\_stream_transform.js:132:32)
    at DerivedLogger._transform (C:\Users\GS Computer\Downloads\bot\node_modules\winston\lib\winston\logger.js:314:12)
    at Transform._read (C:\Users\GS Computer\Downloads\bot\node_modules\winston\node_modules\readable-stream\lib\_stream_transform.js:166:10)
    at Transform._write (C:\Users\GS Computer\Downloads\bot\node_modules\winston\node_modules\readable-stream\lib\_stream_transform.js:155:83)
    at doWrite (C:\Users\GS Computer\Downloads\bot\node_modules\winston\node_modules\readable-stream\lib\_stream_writable.js:390:139)
